<?xml version="1.0" encoding="UTF-8"?>
<!-- Generated by org.testng.reporters.JUnitXMLReporter -->
<testsuite ignored="0" hostname="SEZLP599" failures="0" tests="5" name="Default test" time="0.12" errors="0" timestamp="2022-08-14T19:59:14 IST">
  <testcase classname="reusable.BaseClass" name="@BeforeTest BrowserLaunch" time="-1.660487354123E9">
    <failure type="org.testng.TestNGException" message="
Parameter &amp;apos;browser&amp;apos; is required by BeforeTest on method BrowserLaunch but has not been marked @Optional or defined
in C:\Users\helanmagdalin.t\AppData\Local\Temp\testng-eclipse--451469384\testng-customsuite.xml">
      <![CDATA[org.testng.TestNGException: 
Parameter 'browser' is required by BeforeTest on method BrowserLaunch but has not been marked @Optional or defined
in C:\Users\helanmagdalin.t\AppData\Local\Temp\testng-eclipse--451469384\testng-customsuite.xml
at org.testng.internal.Parameters.createParams(Parameters.java:272)
at org.testng.internal.Parameters.createParametersForMethod(Parameters.java:360)
at org.testng.internal.Parameters.createParameters(Parameters.java:704)
at org.testng.internal.Parameters.createConfigurationParameters(Parameters.java:166)
at org.testng.internal.ConfigInvoker.invokeConfigurations(ConfigInvoker.java:283)
at org.testng.TestRunner.invokeTestConfigurations(TestRunner.java:619)
at org.testng.TestRunner.beforeRun(TestRunner.java:609)
at org.testng.TestRunner.run(TestRunner.java:580)
at org.testng.SuiteRunner.runTest(SuiteRunner.java:384)
at org.testng.SuiteRunner.runSequentially(SuiteRunner.java:378)
at org.testng.SuiteRunner.privateRun(SuiteRunner.java:337)
at org.testng.SuiteRunner.run(SuiteRunner.java:286)
at org.testng.SuiteRunnerWorker.runSuite(SuiteRunnerWorker.java:53)
at org.testng.SuiteRunnerWorker.run(SuiteRunnerWorker.java:96)
at org.testng.TestNG.runSuitesSequentially(TestNG.java:1187)
at org.testng.TestNG.runSuitesLocally(TestNG.java:1109)
at org.testng.TestNG.runSuites(TestNG.java:1039)
at org.testng.TestNG.run(TestNG.java:1007)
at org.testng.remote.AbstractRemoteTestNG.run(AbstractRemoteTestNG.java:115)
at org.testng.remote.RemoteTestNG.initAndRun(RemoteTestNG.java:251)
at org.testng.remote.RemoteTestNG.main(RemoteTestNG.java:77)
]]>
    </failure>
  </testcase> <!-- @BeforeTest BrowserLaunch -->
  <testcase classname="reusable.BaseClass" name="@BeforeTest startReport" time="-1.660487354137E9">
    <skipped/>
  </testcase> <!-- @BeforeTest startReport -->
  <testcase classname="reusable.BaseClass" name="@AfterTest DriverQuit" time="-1.66048735423E9">
    <skipped/>
  </testcase> <!-- @AfterTest DriverQuit -->
  <testcase classname="reusable.BaseClass" name="@AfterTest stopReport" time="-1.660487354234E9">
    <skipped/>
  </testcase> <!-- @AfterTest stopReport -->
  <testcase classname="main.ExecutionClass" name="TS_AOC_001" time="0.0">
    <skipped/>
  </testcase> <!-- TS_AOC_001 -->
  <testcase classname="main.ExecutionClass" name="TS_AOC_002" time="0.0">
    <skipped/>
  </testcase> <!-- TS_AOC_002 -->
  <testcase classname="main.ExecutionClass" name="TS_AOC_003" time="0.0">
    <skipped/>
  </testcase> <!-- TS_AOC_003 -->
  <testcase classname="main.ExecutionClass" name="TS_AOC_004" time="0.0">
    <skipped/>
  </testcase> <!-- TS_AOC_004 -->
  <testcase classname="main.ExecutionClass" name="TS_AOC_005" time="0.0">
    <skipped/>
  </testcase> <!-- TS_AOC_005 -->
</testsuite> <!-- Default test -->
